2016-07-14 07:06:05 -  - exec CUpdateClientPartner::SearchModulesEx
2016-07-14 07:06:05 -  - exec CUpdateClientPartner::__CollectRequestData
2016-07-14 07:06:05 -  - utf=Y&lang=ru&stable=Y&CANGZIP=Y&SUPD_DBS=MYSQL&XE=N&CLIENT_SITE=vremonte24.test2.com&LICENSE_KEY=X&SUPD_STS=1&SUPD_URS=0&SUPD_URSA=1&TYPENC=D&CLIENT_PHPVER=5.6.19&dbv=5.5.48&instm=main%2C16.0.11%2CY%3Babtest%2C16.0.0%2CN%3Bbitrix.eshop%2C16.5.0%2CN%3Bbitrix.sitecorporate%2C15.0.0%2CN%3Bbitrixcloud%2C16.0.0%2CN%3Bblog%2C16.5.0%2CN%3Bcatalog%2C16.0.12%2CN%3Bclouds%2C16.0.0%2CN%3Bcompression%2C16.0.0%2CN%3Bconversion%2C15.5.6%2CN%3Bcurrency%2C16.0.1%2CN%3Beshopapp%2C15.0.0%2CN%3Bfileman%2C16.5.0%2CN%3Bform%2C15.0.2%2CN%3Bforum%2C16.5.0%2CN%3Bhighloadblock%2C16.0.2%2CN%3Biblock%2C16.0.4%2CN%3Bmobileapp%2C16.0.3%2CN%3Bperfmon%2C16.0.0%2CN%3Bphotogallery%2C16.0.1%2CN%3Bpull%2C16.0.2%2CN%3Breport%2C16.0.0%2CN%3Bsale%2C16.0.21%2CN%3Bscale%2C16.0.0%2CN%3Bsearch%2C16.0.0%2CN%3Bsecurity%2C16.0.3%2CN%3Bsender%2C16.0.3%2CN%3Bseo%2C16.0.3%2CN%3Bsocialservices%2C16.5.3%2CN%3Bstoreassist%2C16.0.0%2CN%3Bsubscribe%2C16.0.0%2CN%3Btranslate%2C14.5.0%2CN%3Bvote%2C15.5.0%2CN&search_module_id=&search_module=&search_category=7%2C14&search_type=&search_order=DESC&search_order_by=SORT&search_page=1&SUPD_SRS=RU&SUPD_CMP=N
2016-07-14 07:06:05 -  - exec CUpdateClientPartner::GetHTTPPage
2016-07-14 07:06:07 -  - TIME SearchModulesEx(request) 1.707 sec
2016-07-14 07:06:07 -  - exec CUpdateClientPartner::ParseServerData
2016-07-14 07:06:10 -  - exec CUpdateClientPartner::LoadModuleNoDemand
2016-07-14 07:06:10 -  - exec CUpdateClientPartner::__CollectRequestData
2016-07-14 07:06:10 -  - utf=Y&lang=ru&stable=Y&CANGZIP=Y&SUPD_DBS=MYSQL&XE=N&CLIENT_SITE=vremonte24.test2.com&LICENSE_KEY=X&SUPD_STS=1&SUPD_URS=0&SUPD_URSA=1&TYPENC=D&CLIENT_PHPVER=5.6.19&dbv=5.5.48&instm=main%2C16.0.11%2CY%3Babtest%2C16.0.0%2CN%3Bbitrix.eshop%2C16.5.0%2CN%3Bbitrix.sitecorporate%2C15.0.0%2CN%3Bbitrixcloud%2C16.0.0%2CN%3Bblog%2C16.5.0%2CN%3Bcatalog%2C16.0.12%2CN%3Bclouds%2C16.0.0%2CN%3Bcompression%2C16.0.0%2CN%3Bconversion%2C15.5.6%2CN%3Bcurrency%2C16.0.1%2CN%3Beshopapp%2C15.0.0%2CN%3Bfileman%2C16.5.0%2CN%3Bform%2C15.0.2%2CN%3Bforum%2C16.5.0%2CN%3Bhighloadblock%2C16.0.2%2CN%3Biblock%2C16.0.4%2CN%3Bmobileapp%2C16.0.3%2CN%3Bperfmon%2C16.0.0%2CN%3Bphotogallery%2C16.0.1%2CN%3Bpull%2C16.0.2%2CN%3Breport%2C16.0.0%2CN%3Bsale%2C16.0.21%2CN%3Bscale%2C16.0.0%2CN%3Bsearch%2C16.0.0%2CN%3Bsecurity%2C16.0.3%2CN%3Bsender%2C16.0.3%2CN%3Bseo%2C16.0.3%2CN%3Bsocialservices%2C16.5.3%2CN%3Bstoreassist%2C16.0.0%2CN%3Bsubscribe%2C16.0.0%2CN%3Btranslate%2C14.5.0%2CN%3Bvote%2C15.5.0%2CN&reqm=nsandrey.emptyinstall&lim=Y&SUPD_SRS=RU&SUPD_CMP=N
2016-07-14 07:06:10 -  - exec CUpdateClientPartner::GetHTTPPage
2016-07-14 07:06:11 -  - TIME LoadModuleNoDemand(request) 0.462 sec
2016-07-14 07:06:11 -  - exec CUpdateClientPartner::UnGzipArchive
2016-07-14 07:06:11 -  - TIME UnGzipArchive 0.112 sec
2016-07-14 07:06:11 -  - exec CUpdateClientPartner::GetStepUpdateInfo
2016-07-14 07:06:11 -  - exec CUpdateClientPartner::ParseServerData
2016-07-14 07:06:11 -  - TIME UpdateStepModules 0.062 sec
2016-07-14 10:02:14 -  - exec CUpdateClientPartner::GetUpdatesList
2016-07-14 10:02:14 -  - exec CUpdateClientPartner::__CollectRequestData
2016-07-14 10:02:14 -  - utf=Y&lang=ru&stable=Y&CANGZIP=Y&SUPD_DBS=MYSQL&XE=N&CLIENT_SITE=vremonte24.test2.com&LICENSE_KEY=X&SUPD_STS=1&SUPD_URS=0&SUPD_URSA=1&TYPENC=D&CLIENT_PHPVER=5.6.19&NGINX=Y&dbv=5.5.48&instm=main%2C16.0.13%2CY%3Babtest%2C16.0.0%2CN%3Bbitrix.eshop%2C16.5.0%2CN%3Bbitrix.sitecorporate%2C15.0.0%2CN%3Bbitrixcloud%2C16.0.0%2CN%3Bblog%2C16.5.3%2CN%3Bcatalog%2C16.0.15%2CN%3Bclouds%2C16.0.1%2CN%3Bcompression%2C16.0.0%2CN%3Bconversion%2C15.5.6%2CN%3Bcurrency%2C16.0.1%2CN%3Beshopapp%2C15.0.0%2CN%3Bfileman%2C16.5.2%2CN%3Bform%2C15.0.2%2CN%3Bforum%2C16.5.1%2CN%3Bhighloadblock%2C16.0.2%2CN%3Biblock%2C16.0.6%2CN%3Bmobileapp%2C16.0.5%2CN%3Bnsandrey.emptyinstall%2C1.0.2%2CN%3Bperfmon%2C16.0.0%2CN%3Bphotogallery%2C16.0.1%2CN%3Bpull%2C16.5.0%2CN%3Breport%2C16.0.1%2CN%3Bsale%2C16.0.31%2CN%3Bscale%2C16.0.0%2CN%3Bsearch%2C16.0.0%2CN%3Bsecurity%2C16.0.3%2CN%3Bsender%2C16.0.3%2CN%3Bseo%2C16.0.3%2CN%3Bsocialservices%2C16.5.3%2CN%3Bstoreassist%2C16.0.0%2CN%3Bsubscribe%2C16.0.0%2CN%3Btranslate%2C14.5.0%2CN%3Bvote%2C15.5.0%2CN&reqm=bitrix.eshop%2Cbitrix.sitecorporate%2Cnsandrey.emptyinstall&fullmoduleinfo=Y&SUPD_SRS=RU&SUPD_CMP=N
2016-07-14 10:02:14 -  - exec CUpdateClientPartner::GetHTTPPage
2016-07-14 10:02:15 -  - TIME GetUpdatesList(request) 0.495 sec
2016-07-14 10:02:15 -  - exec CUpdateClientPartner::ParseServerData
2016-07-14 10:02:18 -  - exec CUpdateClientPartner::GetUpdatesList
2016-07-14 10:02:18 -  - exec CUpdateClientPartner::__CollectRequestData
2016-07-14 10:02:18 -  - utf=Y&lang=ru&stable=Y&CANGZIP=Y&SUPD_DBS=MYSQL&XE=N&CLIENT_SITE=vremonte24.test2.com&LICENSE_KEY=X&SUPD_STS=1&SUPD_URS=0&SUPD_URSA=1&TYPENC=D&CLIENT_PHPVER=5.6.19&NGINX=Y&dbv=5.5.48&instm=main%2C16.0.13%2CY%3Babtest%2C16.0.0%2CN%3Bbitrix.eshop%2C16.5.0%2CN%3Bbitrix.sitecorporate%2C15.0.0%2CN%3Bbitrixcloud%2C16.0.0%2CN%3Bblog%2C16.5.3%2CN%3Bcatalog%2C16.0.15%2CN%3Bclouds%2C16.0.1%2CN%3Bcompression%2C16.0.0%2CN%3Bconversion%2C15.5.6%2CN%3Bcurrency%2C16.0.1%2CN%3Beshopapp%2C15.0.0%2CN%3Bfileman%2C16.5.2%2CN%3Bform%2C15.0.2%2CN%3Bforum%2C16.5.1%2CN%3Bhighloadblock%2C16.0.2%2CN%3Biblock%2C16.0.6%2CN%3Bmobileapp%2C16.0.5%2CN%3Bnsandrey.emptyinstall%2C1.0.2%2CN%3Bperfmon%2C16.0.0%2CN%3Bphotogallery%2C16.0.1%2CN%3Bpull%2C16.5.0%2CN%3Breport%2C16.0.1%2CN%3Bsale%2C16.0.31%2CN%3Bscale%2C16.0.0%2CN%3Bsearch%2C16.0.0%2CN%3Bsecurity%2C16.0.3%2CN%3Bsender%2C16.0.3%2CN%3Bseo%2C16.0.3%2CN%3Bsocialservices%2C16.5.3%2CN%3Bstoreassist%2C16.0.0%2CN%3Bsubscribe%2C16.0.0%2CN%3Btranslate%2C14.5.0%2CN%3Bvote%2C15.5.0%2CN&reqm=bitrix.eshop%2Cbitrix.sitecorporate%2Cnsandrey.emptyinstall&fullmoduleinfo=Y&SUPD_SRS=RU&SUPD_CMP=N
2016-07-14 10:02:18 -  - exec CUpdateClientPartner::GetHTTPPage
2016-07-14 10:02:18 -  - TIME GetUpdatesList(request) 0.444 sec
2016-07-14 10:02:18 -  - exec CUpdateClientPartner::ParseServerData
2016-07-14 10:02:20 -  - exec CUpdateClientPartner::GetUpdatesList
2016-07-14 10:02:20 -  - exec CUpdateClientPartner::__CollectRequestData
2016-07-14 10:02:20 -  - utf=Y&lang=ru&stable=Y&CANGZIP=Y&SUPD_DBS=MYSQL&XE=N&CLIENT_SITE=vremonte24.test2.com&LICENSE_KEY=X&SUPD_STS=1&SUPD_URS=0&SUPD_URSA=1&TYPENC=D&CLIENT_PHPVER=5.6.19&NGINX=Y&dbv=5.5.48&instm=main%2C16.0.13%2CY%3Babtest%2C16.0.0%2CN%3Bbitrix.eshop%2C16.5.0%2CN%3Bbitrix.sitecorporate%2C15.0.0%2CN%3Bbitrixcloud%2C16.0.0%2CN%3Bblog%2C16.5.3%2CN%3Bcatalog%2C16.0.15%2CN%3Bclouds%2C16.0.1%2CN%3Bcompression%2C16.0.0%2CN%3Bconversion%2C15.5.6%2CN%3Bcurrency%2C16.0.1%2CN%3Beshopapp%2C15.0.0%2CN%3Bfileman%2C16.5.2%2CN%3Bform%2C15.0.2%2CN%3Bforum%2C16.5.1%2CN%3Bhighloadblock%2C16.0.2%2CN%3Biblock%2C16.0.6%2CN%3Bmobileapp%2C16.0.5%2CN%3Bnsandrey.emptyinstall%2C1.0.2%2CN%3Bperfmon%2C16.0.0%2CN%3Bphotogallery%2C16.0.1%2CN%3Bpull%2C16.5.0%2CN%3Breport%2C16.0.1%2CN%3Bsale%2C16.0.31%2CN%3Bscale%2C16.0.0%2CN%3Bsearch%2C16.0.0%2CN%3Bsecurity%2C16.0.3%2CN%3Bsender%2C16.0.3%2CN%3Bseo%2C16.0.3%2CN%3Bsocialservices%2C16.5.3%2CN%3Bstoreassist%2C16.0.0%2CN%3Bsubscribe%2C16.0.0%2CN%3Btranslate%2C14.5.0%2CN%3Bvote%2C15.5.0%2CN&reqm=bitrix.eshop%2Cbitrix.sitecorporate%2Cnsandrey.emptyinstall&fullmoduleinfo=Y&SUPD_SRS=RU&SUPD_CMP=N
2016-07-14 10:02:20 -  - exec CUpdateClientPartner::GetHTTPPage
2016-07-14 10:02:20 -  - TIME GetUpdatesList(request) 0.427 sec
2016-07-14 10:02:20 -  - exec CUpdateClientPartner::ParseServerData
2016-07-14 10:02:25 -  - exec CUpdateClientPartner::GetUpdatesList
2016-07-14 10:02:25 -  - exec CUpdateClientPartner::__CollectRequestData
2016-07-14 10:02:25 -  - utf=Y&lang=ru&stable=Y&CANGZIP=Y&SUPD_DBS=MYSQL&XE=N&CLIENT_SITE=vremonte24.test2.com&LICENSE_KEY=X&SUPD_STS=1&SUPD_URS=0&SUPD_URSA=1&TYPENC=D&CLIENT_PHPVER=5.6.19&NGINX=Y&dbv=5.5.48&instm=main%2C16.0.13%2CY%3Babtest%2C16.0.0%2CN%3Bbitrix.eshop%2C16.5.0%2CN%3Bbitrix.sitecorporate%2C15.0.0%2CN%3Bbitrixcloud%2C16.0.0%2CN%3Bblog%2C16.5.3%2CN%3Bcatalog%2C16.0.15%2CN%3Bclouds%2C16.0.1%2CN%3Bcompression%2C16.0.0%2CN%3Bconversion%2C15.5.6%2CN%3Bcurrency%2C16.0.1%2CN%3Beshopapp%2C15.0.0%2CN%3Bfileman%2C16.5.2%2CN%3Bform%2C15.0.2%2CN%3Bforum%2C16.5.1%2CN%3Bhighloadblock%2C16.0.2%2CN%3Biblock%2C16.0.6%2CN%3Bmobileapp%2C16.0.5%2CN%3Bnsandrey.emptyinstall%2C1.0.2%2CN%3Bperfmon%2C16.0.0%2CN%3Bphotogallery%2C16.0.1%2CN%3Bpull%2C16.5.0%2CN%3Breport%2C16.0.1%2CN%3Bsale%2C16.0.31%2CN%3Bscale%2C16.0.0%2CN%3Bsearch%2C16.0.0%2CN%3Bsecurity%2C16.0.3%2CN%3Bsender%2C16.0.3%2CN%3Bseo%2C16.0.3%2CN%3Bsocialservices%2C16.5.3%2CN%3Bstoreassist%2C16.0.0%2CN%3Bsubscribe%2C16.0.0%2CN%3Btranslate%2C14.5.0%2CN%3Bvote%2C15.5.0%2CN&reqm=bitrix.eshop%2Cbitrix.sitecorporate%2Cnsandrey.emptyinstall&fullmoduleinfo=Y&SUPD_SRS=RU&SUPD_CMP=N
2016-07-14 10:02:25 -  - exec CUpdateClientPartner::GetHTTPPage
2016-07-14 10:02:25 -  - TIME GetUpdatesList(request) 0.379 sec
2016-07-14 10:02:25 -  - exec CUpdateClientPartner::ParseServerData
2016-07-14 10:02:26 -  - exec CUpdateClientPartner::GetUpdatesList
2016-07-14 10:02:26 -  - exec CUpdateClientPartner::__CollectRequestData
2016-07-14 10:02:26 -  - utf=Y&lang=ru&stable=Y&CANGZIP=Y&SUPD_DBS=MYSQL&XE=N&CLIENT_SITE=vremonte24.test2.com&LICENSE_KEY=X&SUPD_STS=1&SUPD_URS=0&SUPD_URSA=1&TYPENC=D&CLIENT_PHPVER=5.6.19&NGINX=Y&dbv=5.5.48&instm=main%2C16.0.13%2CY%3Babtest%2C16.0.0%2CN%3Bbitrix.eshop%2C16.5.0%2CN%3Bbitrixcloud%2C16.0.0%2CN%3Bblog%2C16.5.3%2CN%3Bcatalog%2C16.0.15%2CN%3Bclouds%2C16.0.1%2CN%3Bcompression%2C16.0.0%2CN%3Bconversion%2C15.5.6%2CN%3Bcurrency%2C16.0.1%2CN%3Beshopapp%2C15.0.0%2CN%3Bfileman%2C16.5.2%2CN%3Bform%2C15.0.2%2CN%3Bforum%2C16.5.1%2CN%3Bhighloadblock%2C16.0.2%2CN%3Biblock%2C16.0.6%2CN%3Bmobileapp%2C16.0.5%2CN%3Bnsandrey.emptyinstall%2C1.0.2%2CN%3Bperfmon%2C16.0.0%2CN%3Bphotogallery%2C16.0.1%2CN%3Bpull%2C16.5.0%2CN%3Breport%2C16.0.1%2CN%3Bsale%2C16.0.31%2CN%3Bscale%2C16.0.0%2CN%3Bsearch%2C16.0.0%2CN%3Bsecurity%2C16.0.3%2CN%3Bsender%2C16.0.3%2CN%3Bseo%2C16.0.3%2CN%3Bsocialservices%2C16.5.3%2CN%3Bstoreassist%2C16.0.0%2CN%3Bsubscribe%2C16.0.0%2CN%3Btranslate%2C14.5.0%2CN%3Bvote%2C15.5.0%2CN&reqm=bitrix.eshop%2Cnsandrey.emptyinstall&fullmoduleinfo=Y&SUPD_SRS=RU&SUPD_CMP=N
2016-07-14 10:02:26 -  - exec CUpdateClientPartner::GetHTTPPage
2016-07-14 10:02:27 -  - TIME GetUpdatesList(request) 0.499 sec
2016-07-14 10:02:27 -  - exec CUpdateClientPartner::ParseServerData
2016-07-14 10:02:30 -  - exec CUpdateClientPartner::GetUpdatesList
2016-07-14 10:02:30 -  - exec CUpdateClientPartner::__CollectRequestData
2016-07-14 10:02:30 -  - utf=Y&lang=ru&stable=Y&CANGZIP=Y&SUPD_DBS=MYSQL&XE=N&CLIENT_SITE=vremonte24.test2.com&LICENSE_KEY=X&SUPD_STS=1&SUPD_URS=0&SUPD_URSA=1&TYPENC=D&CLIENT_PHPVER=5.6.19&NGINX=Y&dbv=5.5.48&instm=main%2C16.0.13%2CY%3Babtest%2C16.0.0%2CN%3Bbitrix.eshop%2C16.5.0%2CN%3Bbitrixcloud%2C16.0.0%2CN%3Bblog%2C16.5.3%2CN%3Bcatalog%2C16.0.15%2CN%3Bclouds%2C16.0.1%2CN%3Bcompression%2C16.0.0%2CN%3Bconversion%2C15.5.6%2CN%3Bcurrency%2C16.0.1%2CN%3Beshopapp%2C15.0.0%2CN%3Bfileman%2C16.5.2%2CN%3Bform%2C15.0.2%2CN%3Bforum%2C16.5.1%2CN%3Bhighloadblock%2C16.0.2%2CN%3Biblock%2C16.0.6%2CN%3Bmobileapp%2C16.0.5%2CN%3Bnsandrey.emptyinstall%2C1.0.2%2CN%3Bperfmon%2C16.0.0%2CN%3Bphotogallery%2C16.0.1%2CN%3Bpull%2C16.5.0%2CN%3Breport%2C16.0.1%2CN%3Bsale%2C16.0.31%2CN%3Bscale%2C16.0.0%2CN%3Bsearch%2C16.0.0%2CN%3Bsecurity%2C16.0.3%2CN%3Bsender%2C16.0.3%2CN%3Bseo%2C16.0.3%2CN%3Bsocialservices%2C16.5.3%2CN%3Bstoreassist%2C16.0.0%2CN%3Bsubscribe%2C16.0.0%2CN%3Btranslate%2C14.5.0%2CN%3Bvote%2C15.5.0%2CN&reqm=bitrix.eshop%2Cnsandrey.emptyinstall&fullmoduleinfo=Y&SUPD_SRS=RU&SUPD_CMP=N
2016-07-14 10:02:30 -  - exec CUpdateClientPartner::GetHTTPPage
2016-07-14 10:02:31 -  - TIME GetUpdatesList(request) 0.473 sec
2016-07-14 10:02:31 -  - exec CUpdateClientPartner::ParseServerData
2016-07-14 10:02:31 -  - exec CUpdateClientPartner::GetUpdatesList
2016-07-14 10:02:31 -  - exec CUpdateClientPartner::__CollectRequestData
2016-07-14 10:02:31 -  - utf=Y&lang=ru&stable=Y&CANGZIP=Y&SUPD_DBS=MYSQL&XE=N&CLIENT_SITE=vremonte24.test2.com&LICENSE_KEY=X&SUPD_STS=1&SUPD_URS=0&SUPD_URSA=1&TYPENC=D&CLIENT_PHPVER=5.6.19&NGINX=Y&dbv=5.5.48&instm=main%2C16.0.13%2CY%3Babtest%2C16.0.0%2CN%3Bbitrix.eshop%2C16.5.0%2CN%3Bbitrixcloud%2C16.0.0%2CN%3Bblog%2C16.5.3%2CN%3Bcatalog%2C16.0.15%2CN%3Bclouds%2C16.0.1%2CN%3Bcompression%2C16.0.0%2CN%3Bconversion%2C15.5.6%2CN%3Bcurrency%2C16.0.1%2CN%3Beshopapp%2C15.0.0%2CN%3Bfileman%2C16.5.2%2CN%3Bform%2C15.0.2%2CN%3Bforum%2C16.5.1%2CN%3Bhighloadblock%2C16.0.2%2CN%3Biblock%2C16.0.6%2CN%3Bmobileapp%2C16.0.5%2CN%3Bnsandrey.emptyinstall%2C1.0.2%2CN%3Bperfmon%2C16.0.0%2CN%3Bphotogallery%2C16.0.1%2CN%3Bpull%2C16.5.0%2CN%3Breport%2C16.0.1%2CN%3Bsale%2C16.0.31%2CN%3Bscale%2C16.0.0%2CN%3Bsearch%2C16.0.0%2CN%3Bsecurity%2C16.0.3%2CN%3Bsender%2C16.0.3%2CN%3Bseo%2C16.0.3%2CN%3Bsocialservices%2C16.5.3%2CN%3Bstoreassist%2C16.0.0%2CN%3Bsubscribe%2C16.0.0%2CN%3Btranslate%2C14.5.0%2CN%3Bvote%2C15.5.0%2CN&reqm=bitrix.eshop%2Cnsandrey.emptyinstall&fullmoduleinfo=Y&SUPD_SRS=RU&SUPD_CMP=N
2016-07-14 10:02:31 -  - exec CUpdateClientPartner::GetHTTPPage
2016-07-14 10:02:32 -  - TIME GetUpdatesList(request) 0.468 sec
2016-07-14 10:02:32 -  - exec CUpdateClientPartner::ParseServerData
2016-07-14 10:02:36 -  - exec CUpdateClientPartner::GetUpdatesList
2016-07-14 10:02:36 -  - exec CUpdateClientPartner::__CollectRequestData
2016-07-14 10:02:36 -  - utf=Y&lang=ru&stable=Y&CANGZIP=Y&SUPD_DBS=MYSQL&XE=N&CLIENT_SITE=vremonte24.test2.com&LICENSE_KEY=X&SUPD_STS=1&SUPD_URS=0&SUPD_URSA=1&TYPENC=D&CLIENT_PHPVER=5.6.19&NGINX=Y&dbv=5.5.48&instm=main%2C16.0.13%2CY%3Babtest%2C16.0.0%2CN%3Bbitrix.eshop%2C16.5.0%2CN%3Bbitrixcloud%2C16.0.0%2CN%3Bblog%2C16.5.3%2CN%3Bcatalog%2C16.0.15%2CN%3Bclouds%2C16.0.1%2CN%3Bcompression%2C16.0.0%2CN%3Bconversion%2C15.5.6%2CN%3Bcurrency%2C16.0.1%2CN%3Beshopapp%2C15.0.0%2CN%3Bfileman%2C16.5.2%2CN%3Bform%2C15.0.2%2CN%3Bforum%2C16.5.1%2CN%3Bhighloadblock%2C16.0.2%2CN%3Biblock%2C16.0.6%2CN%3Bmobileapp%2C16.0.5%2CN%3Bnsandrey.emptyinstall%2C1.0.2%2CN%3Bperfmon%2C16.0.0%2CN%3Bphotogallery%2C16.0.1%2CN%3Bpull%2C16.5.0%2CN%3Breport%2C16.0.1%2CN%3Bsale%2C16.0.31%2CN%3Bscale%2C16.0.0%2CN%3Bsearch%2C16.0.0%2CN%3Bsecurity%2C16.0.3%2CN%3Bsender%2C16.0.3%2CN%3Bseo%2C16.0.3%2CN%3Bsocialservices%2C16.5.3%2CN%3Bstoreassist%2C16.0.0%2CN%3Bsubscribe%2C16.0.0%2CN%3Btranslate%2C14.5.0%2CN%3Bvote%2C15.5.0%2CN&reqm=bitrix.eshop%2Cnsandrey.emptyinstall&fullmoduleinfo=Y&SUPD_SRS=RU&SUPD_CMP=N
2016-07-14 10:02:36 -  - exec CUpdateClientPartner::GetHTTPPage
2016-07-14 10:02:37 -  - TIME GetUpdatesList(request) 0.449 sec
2016-07-14 10:02:37 -  - exec CUpdateClientPartner::ParseServerData
2016-07-14 10:02:38 -  - exec CUpdateClientPartner::GetUpdatesList
2016-07-14 10:02:38 -  - exec CUpdateClientPartner::__CollectRequestData
2016-07-14 10:02:38 -  - utf=Y&lang=ru&stable=Y&CANGZIP=Y&SUPD_DBS=MYSQL&XE=N&CLIENT_SITE=vremonte24.test2.com&LICENSE_KEY=X&SUPD_STS=1&SUPD_URS=0&SUPD_URSA=1&TYPENC=D&CLIENT_PHPVER=5.6.19&NGINX=Y&dbv=5.5.48&instm=main%2C16.0.13%2CY%3Babtest%2C16.0.0%2CN%3Bbitrixcloud%2C16.0.0%2CN%3Bblog%2C16.5.3%2CN%3Bcatalog%2C16.0.15%2CN%3Bclouds%2C16.0.1%2CN%3Bcompression%2C16.0.0%2CN%3Bconversion%2C15.5.6%2CN%3Bcurrency%2C16.0.1%2CN%3Beshopapp%2C15.0.0%2CN%3Bfileman%2C16.5.2%2CN%3Bform%2C15.0.2%2CN%3Bforum%2C16.5.1%2CN%3Bhighloadblock%2C16.0.2%2CN%3Biblock%2C16.0.6%2CN%3Bmobileapp%2C16.0.5%2CN%3Bnsandrey.emptyinstall%2C1.0.2%2CN%3Bperfmon%2C16.0.0%2CN%3Bphotogallery%2C16.0.1%2CN%3Bpull%2C16.5.0%2CN%3Breport%2C16.0.1%2CN%3Bsale%2C16.0.31%2CN%3Bscale%2C16.0.0%2CN%3Bsearch%2C16.0.0%2CN%3Bsecurity%2C16.0.3%2CN%3Bsender%2C16.0.3%2CN%3Bseo%2C16.0.3%2CN%3Bsocialservices%2C16.5.3%2CN%3Bstoreassist%2C16.0.0%2CN%3Bsubscribe%2C16.0.0%2CN%3Btranslate%2C14.5.0%2CN%3Bvote%2C15.5.0%2CN&reqm=nsandrey.emptyinstall&fullmoduleinfo=Y&SUPD_SRS=RU&SUPD_CMP=N
2016-07-14 10:02:38 -  - exec CUpdateClientPartner::GetHTTPPage
2016-07-14 10:02:39 -  - TIME GetUpdatesList(request) 0.432 sec
2016-07-14 10:02:39 -  - exec CUpdateClientPartner::ParseServerData
2016-07-14 10:02:42 -  - exec CUpdateClientPartner::GetUpdatesList
2016-07-14 10:02:42 -  - exec CUpdateClientPartner::__CollectRequestData
2016-07-14 10:02:42 -  - utf=Y&lang=ru&stable=Y&CANGZIP=Y&SUPD_DBS=MYSQL&XE=N&CLIENT_SITE=vremonte24.test2.com&LICENSE_KEY=X&SUPD_STS=1&SUPD_URS=0&SUPD_URSA=1&TYPENC=D&CLIENT_PHPVER=5.6.19&NGINX=Y&dbv=5.5.48&instm=main%2C16.0.13%2CY%3Babtest%2C16.0.0%2CN%3Bbitrixcloud%2C16.0.0%2CN%3Bblog%2C16.5.3%2CN%3Bcatalog%2C16.0.15%2CN%3Bclouds%2C16.0.1%2CN%3Bcompression%2C16.0.0%2CN%3Bconversion%2C15.5.6%2CN%3Bcurrency%2C16.0.1%2CN%3Beshopapp%2C15.0.0%2CN%3Bfileman%2C16.5.2%2CN%3Bform%2C15.0.2%2CN%3Bforum%2C16.5.1%2CN%3Bhighloadblock%2C16.0.2%2CN%3Biblock%2C16.0.6%2CN%3Bmobileapp%2C16.0.5%2CN%3Bnsandrey.emptyinstall%2C1.0.2%2CN%3Bperfmon%2C16.0.0%2CN%3Bphotogallery%2C16.0.1%2CN%3Bpull%2C16.5.0%2CN%3Breport%2C16.0.1%2CN%3Bsale%2C16.0.31%2CN%3Bscale%2C16.0.0%2CN%3Bsearch%2C16.0.0%2CN%3Bsecurity%2C16.0.3%2CN%3Bsender%2C16.0.3%2CN%3Bseo%2C16.0.3%2CN%3Bsocialservices%2C16.5.3%2CN%3Bstoreassist%2C16.0.0%2CN%3Bsubscribe%2C16.0.0%2CN%3Btranslate%2C14.5.0%2CN%3Bvote%2C15.5.0%2CN&reqm=nsandrey.emptyinstall&fullmoduleinfo=Y&SUPD_SRS=RU&SUPD_CMP=N
2016-07-14 10:02:42 -  - exec CUpdateClientPartner::GetHTTPPage
2016-07-14 10:02:42 -  - TIME GetUpdatesList(request) 0.501 sec
2016-07-14 10:02:42 -  - exec CUpdateClientPartner::ParseServerData
2016-07-14 10:02:43 -  - exec CUpdateClientPartner::GetUpdatesList
2016-07-14 10:02:43 -  - exec CUpdateClientPartner::__CollectRequestData
2016-07-14 10:02:43 -  - utf=Y&lang=ru&stable=Y&CANGZIP=Y&SUPD_DBS=MYSQL&XE=N&CLIENT_SITE=vremonte24.test2.com&LICENSE_KEY=X&SUPD_STS=1&SUPD_URS=0&SUPD_URSA=1&TYPENC=D&CLIENT_PHPVER=5.6.19&NGINX=Y&dbv=5.5.48&instm=main%2C16.0.13%2CY%3Babtest%2C16.0.0%2CN%3Bbitrixcloud%2C16.0.0%2CN%3Bblog%2C16.5.3%2CN%3Bcatalog%2C16.0.15%2CN%3Bclouds%2C16.0.1%2CN%3Bcompression%2C16.0.0%2CN%3Bconversion%2C15.5.6%2CN%3Bcurrency%2C16.0.1%2CN%3Beshopapp%2C15.0.0%2CN%3Bfileman%2C16.5.2%2CN%3Bform%2C15.0.2%2CN%3Bforum%2C16.5.1%2CN%3Bhighloadblock%2C16.0.2%2CN%3Biblock%2C16.0.6%2CN%3Bmobileapp%2C16.0.5%2CN%3Bperfmon%2C16.0.0%2CN%3Bphotogallery%2C16.0.1%2CN%3Bpull%2C16.5.0%2CN%3Breport%2C16.0.1%2CN%3Bsale%2C16.0.31%2CN%3Bscale%2C16.0.0%2CN%3Bsearch%2C16.0.0%2CN%3Bsecurity%2C16.0.3%2CN%3Bsender%2C16.0.3%2CN%3Bseo%2C16.0.3%2CN%3Bsocialservices%2C16.5.3%2CN%3Bstoreassist%2C16.0.0%2CN%3Bsubscribe%2C16.0.0%2CN%3Btranslate%2C14.5.0%2CN%3Bvote%2C15.5.0%2CN&fullmoduleinfo=Y&SUPD_SRS=RU&SUPD_CMP=N
2016-07-14 10:02:43 -  - exec CUpdateClientPartner::GetHTTPPage
2016-07-14 10:02:43 -  - TIME GetUpdatesList(request) 0.438 sec
2016-07-14 10:02:43 -  - exec CUpdateClientPartner::ParseServerData
2016-07-14 10:03:00 -  - exec CUpdateClientPartner::GetUpdatesList
2016-07-14 10:03:00 -  - exec CUpdateClientPartner::__CollectRequestData
2016-07-14 10:03:00 -  - utf=Y&lang=ru&stable=Y&CANGZIP=Y&SUPD_DBS=MYSQL&XE=N&CLIENT_SITE=vremonte24.test2.com&LICENSE_KEY=X&SUPD_STS=1&SUPD_URS=0&SUPD_URSA=1&TYPENC=D&CLIENT_PHPVER=5.6.19&NGINX=Y&dbv=5.5.48&instm=main%2C16.0.13%2CY%3Babtest%2C16.0.0%2CN%3Bbitrixcloud%2C16.0.0%2CN%3Bblog%2C16.5.3%2CN%3Bcatalog%2C16.0.15%2CN%3Bclouds%2C16.0.1%2CN%3Bcompression%2C16.0.0%2CN%3Bconversion%2C15.5.6%2CN%3Bcurrency%2C16.0.1%2CN%3Beshopapp%2C15.0.0%2CN%3Bfileman%2C16.5.2%2CN%3Bform%2C15.0.2%2CN%3Bforum%2C16.5.1%2CN%3Bhighloadblock%2C16.0.2%2CN%3Biblock%2C16.0.6%2CN%3Bmobileapp%2C16.0.5%2CN%3Bperfmon%2C16.0.0%2CN%3Bphotogallery%2C16.0.1%2CN%3Bpull%2C16.5.0%2CN%3Breport%2C16.0.1%2CN%3Bsale%2C16.0.31%2CN%3Bscale%2C16.0.0%2CN%3Bsearch%2C16.0.0%2CN%3Bsecurity%2C16.0.3%2CN%3Bsender%2C16.0.3%2CN%3Bseo%2C16.0.3%2CN%3Bsocialservices%2C16.5.3%2CN%3Bstoreassist%2C16.0.0%2CN%3Bsubscribe%2C16.0.0%2CN%3Btranslate%2C14.5.0%2CN%3Bvote%2C15.5.0%2CN&fullmoduleinfo=Y&SUPD_SRS=RU&SUPD_CMP=N
2016-07-14 10:03:00 -  - exec CUpdateClientPartner::GetHTTPPage
2016-07-14 10:03:00 -  - TIME GetUpdatesList(request) 0.413 sec
2016-07-14 10:03:00 -  - exec CUpdateClientPartner::ParseServerData
2016-07-14 10:03:01 -  - exec CUpdateClientPartner::GetUpdatesList
2016-07-14 10:03:01 -  - exec CUpdateClientPartner::__CollectRequestData
2016-07-14 10:03:01 -  - utf=Y&lang=ru&stable=Y&CANGZIP=Y&SUPD_DBS=MYSQL&XE=N&CLIENT_SITE=vremonte24.test2.com&LICENSE_KEY=X&SUPD_STS=1&SUPD_URS=0&SUPD_URSA=1&TYPENC=D&CLIENT_PHPVER=5.6.19&NGINX=Y&dbv=5.5.48&instm=main%2C16.0.13%2CY%3Babtest%2C16.0.0%2CN%3Bbitrixcloud%2C16.0.0%2CN%3Bblog%2C16.5.3%2CN%3Bcatalog%2C16.0.15%2CN%3Bclouds%2C16.0.1%2CN%3Bcompression%2C16.0.0%2CN%3Bconversion%2C15.5.6%2CN%3Bcurrency%2C16.0.1%2CN%3Beshopapp%2C15.0.0%2CN%3Bfileman%2C16.5.2%2CN%3Bform%2C15.0.2%2CN%3Bforum%2C16.5.1%2CN%3Bhighloadblock%2C16.0.2%2CN%3Biblock%2C16.0.6%2CN%3Bmobileapp%2C16.0.5%2CN%3Bperfmon%2C16.0.0%2CN%3Bphotogallery%2C16.0.1%2CN%3Bpull%2C16.5.0%2CN%3Breport%2C16.0.1%2CN%3Bsale%2C16.0.31%2CN%3Bscale%2C16.0.0%2CN%3Bsearch%2C16.0.0%2CN%3Bsecurity%2C16.0.3%2CN%3Bsender%2C16.0.3%2CN%3Bseo%2C16.0.3%2CN%3Bsocialservices%2C16.5.3%2CN%3Bstoreassist%2C16.0.0%2CN%3Bsubscribe%2C16.0.0%2CN%3Btranslate%2C14.5.0%2CN%3Bvote%2C15.5.0%2CN&fullmoduleinfo=Y&SUPD_SRS=RU&SUPD_CMP=N
2016-07-14 10:03:01 -  - exec CUpdateClientPartner::GetHTTPPage
2016-07-14 10:03:01 -  - TIME GetUpdatesList(request) 0.5 sec
2016-07-14 10:03:01 -  - exec CUpdateClientPartner::ParseServerData
2016-07-14 10:03:04 -  - exec CUpdateClientPartner::GetUpdatesList
2016-07-14 10:03:04 -  - exec CUpdateClientPartner::__CollectRequestData
2016-07-14 10:03:04 -  - utf=Y&lang=ru&stable=Y&CANGZIP=Y&SUPD_DBS=MYSQL&XE=N&CLIENT_SITE=vremonte24.test2.com&LICENSE_KEY=X&SUPD_STS=1&SUPD_URS=0&SUPD_URSA=1&TYPENC=D&CLIENT_PHPVER=5.6.19&NGINX=Y&dbv=5.5.48&instm=main%2C16.0.13%2CY%3Babtest%2C16.0.0%2CN%3Bbitrixcloud%2C16.0.0%2CN%3Bblog%2C16.5.3%2CN%3Bcatalog%2C16.0.15%2CN%3Bclouds%2C16.0.1%2CN%3Bcompression%2C16.0.0%2CN%3Bconversion%2C15.5.6%2CN%3Bcurrency%2C16.0.1%2CN%3Beshopapp%2C15.0.0%2CN%3Bfileman%2C16.5.2%2CN%3Bform%2C15.0.2%2CN%3Bforum%2C16.5.1%2CN%3Bhighloadblock%2C16.0.2%2CN%3Biblock%2C16.0.6%2CN%3Bmobileapp%2C16.0.5%2CN%3Bperfmon%2C16.0.0%2CN%3Bphotogallery%2C16.0.1%2CN%3Bpull%2C16.5.0%2CN%3Breport%2C16.0.1%2CN%3Bsale%2C16.0.31%2CN%3Bscale%2C16.0.0%2CN%3Bsearch%2C16.0.0%2CN%3Bsecurity%2C16.0.3%2CN%3Bsender%2C16.0.3%2CN%3Bseo%2C16.0.3%2CN%3Bsocialservices%2C16.5.3%2CN%3Bstoreassist%2C16.0.0%2CN%3Bsubscribe%2C16.0.0%2CN%3Btranslate%2C14.5.0%2CN%3Bvote%2C15.5.0%2CN&fullmoduleinfo=Y&SUPD_SRS=RU&SUPD_CMP=N
2016-07-14 10:03:04 -  - exec CUpdateClientPartner::GetHTTPPage
2016-07-14 10:03:04 -  - TIME GetUpdatesList(request) 0.416 sec
2016-07-14 10:03:04 -  - exec CUpdateClientPartner::ParseServerData
2016-07-14 10:03:04 -  - exec CUpdateClientPartner::GetUpdatesList
2016-07-14 10:03:04 -  - exec CUpdateClientPartner::__CollectRequestData
2016-07-14 10:03:04 -  - utf=Y&lang=ru&stable=Y&CANGZIP=Y&SUPD_DBS=MYSQL&XE=N&CLIENT_SITE=vremonte24.test2.com&LICENSE_KEY=X&SUPD_STS=1&SUPD_URS=0&SUPD_URSA=1&TYPENC=D&CLIENT_PHPVER=5.6.19&NGINX=Y&dbv=5.5.48&instm=main%2C16.0.13%2CY%3Babtest%2C16.0.0%2CN%3Bbitrixcloud%2C16.0.0%2CN%3Bblog%2C16.5.3%2CN%3Bcatalog%2C16.0.15%2CN%3Bclouds%2C16.0.1%2CN%3Bcompression%2C16.0.0%2CN%3Bconversion%2C15.5.6%2CN%3Bcurrency%2C16.0.1%2CN%3Beshopapp%2C15.0.0%2CN%3Bfileman%2C16.5.2%2CN%3Bform%2C15.0.2%2CN%3Bforum%2C16.5.1%2CN%3Bhighloadblock%2C16.0.2%2CN%3Biblock%2C16.0.6%2CN%3Bmobileapp%2C16.0.5%2CN%3Bperfmon%2C16.0.0%2CN%3Bphotogallery%2C16.0.1%2CN%3Bpull%2C16.5.0%2CN%3Breport%2C16.0.1%2CN%3Bsale%2C16.0.31%2CN%3Bscale%2C16.0.0%2CN%3Bsearch%2C16.0.0%2CN%3Bsecurity%2C16.0.3%2CN%3Bsender%2C16.0.3%2CN%3Bseo%2C16.0.3%2CN%3Bsocialservices%2C16.5.3%2CN%3Bstoreassist%2C16.0.0%2CN%3Bsubscribe%2C16.0.0%2CN%3Btranslate%2C14.5.0%2CN%3Bvote%2C15.5.0%2CN&fullmoduleinfo=Y&SUPD_SRS=RU&SUPD_CMP=N
2016-07-14 10:03:04 -  - exec CUpdateClientPartner::GetHTTPPage
2016-07-14 10:03:05 -  - TIME GetUpdatesList(request) 0.473 sec
2016-07-14 10:03:05 -  - exec CUpdateClientPartner::ParseServerData
2016-07-14 10:42:41 -  - exec CUpdateClientPartner::GetUpdatesList
2016-07-14 10:42:41 -  - exec CUpdateClientPartner::__CollectRequestData
2016-07-14 10:42:41 -  - utf=Y&lang=ru&stable=Y&CANGZIP=Y&SUPD_DBS=MYSQL&XE=N&CLIENT_SITE=vremonte24.test2.com&LICENSE_KEY=X&SUPD_STS=1&SUPD_URS=0&SUPD_URSA=1&TYPENC=D&CLIENT_PHPVER=5.6.19&NGINX=Y&dbv=5.5.48&instm=main%2C16.0.13%2CY%3Babtest%2C16.0.0%2CN%3Bbitrixcloud%2C16.0.0%2CN%3Bblog%2C16.5.3%2CN%3Bcatalog%2C16.0.15%2CN%3Bclouds%2C16.0.1%2CN%3Bcompression%2C16.0.0%2CN%3Bconversion%2C15.5.6%2CN%3Bcurrency%2C16.0.1%2CN%3Beshopapp%2C15.0.0%2CN%3Bfileman%2C16.5.2%2CN%3Bform%2C15.0.2%2CN%3Bforum%2C16.5.1%2CN%3Bhighloadblock%2C16.0.2%2CN%3Biblock%2C16.0.6%2CN%3Bmobileapp%2C16.0.5%2CN%3Bperfmon%2C16.0.0%2CN%3Bphotogallery%2C16.0.1%2CN%3Bpull%2C16.5.0%2CN%3Breport%2C16.0.1%2CN%3Bsale%2C16.0.31%2CN%3Bscale%2C16.0.0%2CN%3Bsearch%2C16.0.0%2CN%3Bsecurity%2C16.0.3%2CN%3Bsender%2C16.0.3%2CN%3Bseo%2C16.0.3%2CN%3Bsocialservices%2C16.5.3%2CN%3Bstoreassist%2C16.0.0%2CN%3Bsubscribe%2C16.0.0%2CN%3Btranslate%2C14.5.0%2CN%3Bvote%2C15.5.0%2CN&fullmoduleinfo=Y&SUPD_SRS=RU&SUPD_CMP=N
2016-07-14 10:42:41 -  - exec CUpdateClientPartner::GetHTTPPage
2016-07-14 10:42:41 -  - TIME GetUpdatesList(request) 0.377 sec
2016-07-14 10:42:41 -  - exec CUpdateClientPartner::ParseServerData
2016-07-15 09:27:04 -  - exec CUpdateClientPartner::GetUpdatesList
2016-07-15 09:27:04 -  - exec CUpdateClientPartner::__CollectRequestData
2016-07-15 09:27:04 -  - utf=Y&lang=ru&stable=Y&CANGZIP=Y&SUPD_DBS=MYSQL&XE=N&CLIENT_SITE=vremonte24.test2.com&LICENSE_KEY=X&SUPD_STS=1&SUPD_URS=0&SUPD_URSA=1&TYPENC=D&CLIENT_PHPVER=5.6.19&NGINX=Y&dbv=5.5.48&instm=main%2C16.0.13%2CY%3Babtest%2C16.0.0%2CN%3Bbitrixcloud%2C16.0.0%2CN%3Bblog%2C16.5.3%2CN%3Bcatalog%2C16.0.15%2CN%3Bclouds%2C16.0.1%2CN%3Bcompression%2C16.0.0%2CN%3Bconversion%2C15.5.6%2CN%3Bcurrency%2C16.0.1%2CN%3Beshopapp%2C15.0.0%2CN%3Bfileman%2C16.5.2%2CN%3Bform%2C15.0.2%2CN%3Bforum%2C16.5.1%2CN%3Bhighloadblock%2C16.0.2%2CN%3Biblock%2C16.0.6%2CN%3Bmobileapp%2C16.0.5%2CN%3Bperfmon%2C16.0.0%2CN%3Bphotogallery%2C16.0.1%2CN%3Bpull%2C16.5.0%2CN%3Breport%2C16.0.1%2CN%3Bsale%2C16.0.31%2CN%3Bscale%2C16.0.0%2CN%3Bsearch%2C16.0.0%2CN%3Bsecurity%2C16.0.3%2CN%3Bsender%2C16.0.3%2CN%3Bseo%2C16.0.3%2CN%3Bsocialservices%2C16.5.3%2CN%3Bstoreassist%2C16.0.0%2CN%3Bsubscribe%2C16.0.0%2CN%3Btranslate%2C14.5.0%2CN%3Bvote%2C15.5.0%2CN&fullmoduleinfo=Y&SUPD_SRS=RU&SUPD_CMP=N
2016-07-15 09:27:04 -  - exec CUpdateClientPartner::GetHTTPPage
2016-07-15 09:27:04 -  - TIME GetUpdatesList(request) 0.392 sec
2016-07-15 09:27:04 -  - exec CUpdateClientPartner::ParseServerData
2016-07-15 09:27:09 -  - exec CUpdateClientPartner::GetUpdatesList
2016-07-15 09:27:09 -  - exec CUpdateClientPartner::__CollectRequestData
2016-07-15 09:27:09 -  - utf=Y&lang=ru&stable=Y&CANGZIP=Y&SUPD_DBS=MYSQL&XE=N&CLIENT_SITE=vremonte24.test2.com&LICENSE_KEY=X&SUPD_STS=1&SUPD_URS=0&SUPD_URSA=1&TYPENC=D&CLIENT_PHPVER=5.6.19&NGINX=Y&dbv=5.5.48&instm=main%2C16.0.13%2CY%3Babtest%2C16.0.0%2CN%3Bbitrixcloud%2C16.0.0%2CN%3Bblog%2C16.5.3%2CN%3Bcatalog%2C16.0.15%2CN%3Bclouds%2C16.0.1%2CN%3Bcompression%2C16.0.0%2CN%3Bconversion%2C15.5.6%2CN%3Bcurrency%2C16.0.1%2CN%3Beshopapp%2C15.0.0%2CN%3Bfileman%2C16.5.2%2CN%3Bform%2C15.0.2%2CN%3Bforum%2C16.5.1%2CN%3Bhighloadblock%2C16.0.2%2CN%3Biblock%2C16.0.6%2CN%3Bmobileapp%2C16.0.5%2CN%3Bperfmon%2C16.0.0%2CN%3Bphotogallery%2C16.0.1%2CN%3Bpull%2C16.5.0%2CN%3Breport%2C16.0.1%2CN%3Bsale%2C16.0.31%2CN%3Bscale%2C16.0.0%2CN%3Bsearch%2C16.0.0%2CN%3Bsecurity%2C16.0.3%2CN%3Bsender%2C16.0.3%2CN%3Bseo%2C16.0.3%2CN%3Bsocialservices%2C16.5.3%2CN%3Bstoreassist%2C16.0.0%2CN%3Bsubscribe%2C16.0.0%2CN%3Btranslate%2C14.5.0%2CN%3Bvote%2C15.5.0%2CN&fullmoduleinfo=Y&SUPD_SRS=RU&SUPD_CMP=N
2016-07-15 09:27:09 -  - exec CUpdateClientPartner::GetHTTPPage
2016-07-15 09:27:10 -  - TIME GetUpdatesList(request) 0.405 sec
2016-07-15 09:27:10 -  - exec CUpdateClientPartner::ParseServerData
2016-07-15 09:27:10 -  - exec CUpdateClientPartner::GetUpdatesList
2016-07-15 09:27:10 -  - exec CUpdateClientPartner::__CollectRequestData
2016-07-15 09:27:10 -  - utf=Y&lang=ru&stable=Y&CANGZIP=Y&SUPD_DBS=MYSQL&XE=N&CLIENT_SITE=vremonte24.test2.com&LICENSE_KEY=X&SUPD_STS=1&SUPD_URS=0&SUPD_URSA=1&TYPENC=D&CLIENT_PHPVER=5.6.19&NGINX=Y&dbv=5.5.48&instm=main%2C16.0.13%2CY%3Babtest%2C16.0.0%2CN%3Bbitrixcloud%2C16.0.0%2CN%3Bblog%2C16.5.3%2CN%3Bcatalog%2C16.0.15%2CN%3Bclouds%2C16.0.1%2CN%3Bcompression%2C16.0.0%2CN%3Bconversion%2C15.5.6%2CN%3Bcurrency%2C16.0.1%2CN%3Beshopapp%2C15.0.0%2CN%3Bfileman%2C16.5.2%2CN%3Bform%2C15.0.2%2CN%3Bforum%2C16.5.1%2CN%3Bhighloadblock%2C16.0.2%2CN%3Biblock%2C16.0.6%2CN%3Bmobileapp%2C16.0.5%2CN%3Bperfmon%2C16.0.0%2CN%3Bphotogallery%2C16.0.1%2CN%3Bpull%2C16.5.0%2CN%3Breport%2C16.0.1%2CN%3Bsale%2C16.0.31%2CN%3Bscale%2C16.0.0%2CN%3Bsearch%2C16.0.0%2CN%3Bsecurity%2C16.0.3%2CN%3Bsender%2C16.0.3%2CN%3Bseo%2C16.0.3%2CN%3Bsocialservices%2C16.5.3%2CN%3Bstoreassist%2C16.0.0%2CN%3Bsubscribe%2C16.0.0%2CN%3Btranslate%2C14.5.0%2CN%3Bvote%2C15.5.0%2CN&fullmoduleinfo=Y&SUPD_SRS=RU&SUPD_CMP=N
2016-07-15 09:27:10 -  - exec CUpdateClientPartner::GetHTTPPage
2016-07-15 09:27:11 -  - TIME GetUpdatesList(request) 0.404 sec
2016-07-15 09:27:11 -  - exec CUpdateClientPartner::ParseServerData
